Build started 12/24/2017 3:39:59 PM.
     1>Project "C:\Users\Aditya\Documents\Visual Studio 2013\Projects\DynamicStructsDB\DynamicStructsDB\DynamicStructsDB.vcxproj" on node 2 (Build target(s)).
     1>ClCompile:
         C:\Program Files (x86)\Microsoft Visual Studio 12.0\VC\bin\CL.exe /c /ZI /nologo /W3 /WX- /sdl /Od /Oy- /D _MBCS /D _MBCS /D _CRT_SECURE_NO_WARNINGS /Gm /EHsc /RTC1 /MDd /GS /fp:precise /Zc:wchar_t /Zc:forScope /Fo"Debug\\" /Fd"Debug\vc120.pdb" /Gd /TP /analyze- /errorReport:prompt three_schemas.cpp main.cpp
         main.cpp
     1>c:\users\aditya\documents\visual studio 2013\projects\dynamicstructsdb\dynamicstructsdb\main.cpp(28): warning C4244: '+=' : conversion from 'double' to 'float', possible loss of data
     1>c:\users\aditya\documents\visual studio 2013\projects\dynamicstructsdb\dynamicstructsdb\main.cpp(61): warning C4018: '<' : signed/unsigned mismatch
     1>c:\users\aditya\documents\visual studio 2013\projects\dynamicstructsdb\dynamicstructsdb\main.cpp(64): warning C4018: '<' : signed/unsigned mismatch
     1>c:\users\aditya\documents\visual studio 2013\projects\dynamicstructsdb\dynamicstructsdb\main.cpp(120): warning C4018: '<' : signed/unsigned mismatch
     1>c:\users\aditya\documents\visual studio 2013\projects\dynamicstructsdb\dynamicstructsdb\main.cpp(260): warning C4258: 'i' : definition from the for loop is ignored; the definition from the enclosing scope is used
                 c:\users\aditya\documents\visual studio 2013\projects\dynamicstructsdb\dynamicstructsdb\main.cpp(184) : definition of 'i' ignored
                 c:\users\aditya\documents\visual studio 2013\projects\dynamicstructsdb\dynamicstructsdb\main.cpp(188) : definition of 'i' used
     1>c:\users\aditya\documents\visual studio 2013\projects\dynamicstructsdb\dynamicstructsdb\main.cpp(262): warning C4258: 'i' : definition from the for loop is ignored; the definition from the enclosing scope is used
                 c:\users\aditya\documents\visual studio 2013\projects\dynamicstructsdb\dynamicstructsdb\main.cpp(184) : definition of 'i' ignored
                 c:\users\aditya\documents\visual studio 2013\projects\dynamicstructsdb\dynamicstructsdb\main.cpp(188) : definition of 'i' used
     1>c:\users\aditya\documents\visual studio 2013\projects\dynamicstructsdb\dynamicstructsdb\main.cpp(270): warning C4258: 'i' : definition from the for loop is ignored; the definition from the enclosing scope is used
                 c:\users\aditya\documents\visual studio 2013\projects\dynamicstructsdb\dynamicstructsdb\main.cpp(184) : definition of 'i' ignored
                 c:\users\aditya\documents\visual studio 2013\projects\dynamicstructsdb\dynamicstructsdb\main.cpp(188) : definition of 'i' used
     1>c:\users\aditya\documents\visual studio 2013\projects\dynamicstructsdb\dynamicstructsdb\main.cpp(283): warning C4258: 'i' : definition from the for loop is ignored; the definition from the enclosing scope is used
                 c:\users\aditya\documents\visual studio 2013\projects\dynamicstructsdb\dynamicstructsdb\main.cpp(184) : definition of 'i' ignored
                 c:\users\aditya\documents\visual studio 2013\projects\dynamicstructsdb\dynamicstructsdb\main.cpp(188) : definition of 'i' used
     1>c:\users\aditya\documents\visual studio 2013\projects\dynamicstructsdb\dynamicstructsdb\main.cpp(299): warning C4258: 'i' : definition from the for loop is ignored; the definition from the enclosing scope is used
                 c:\users\aditya\documents\visual studio 2013\projects\dynamicstructsdb\dynamicstructsdb\main.cpp(184) : definition of 'i' ignored
                 c:\users\aditya\documents\visual studio 2013\projects\dynamicstructsdb\dynamicstructsdb\main.cpp(188) : definition of 'i' used
     1>c:\users\aditya\documents\visual studio 2013\projects\dynamicstructsdb\dynamicstructsdb\main.cpp(312): warning C4258: 'i' : definition from the for loop is ignored; the definition from the enclosing scope is used
                 c:\users\aditya\documents\visual studio 2013\projects\dynamicstructsdb\dynamicstructsdb\main.cpp(184) : definition of 'i' ignored
                 c:\users\aditya\documents\visual studio 2013\projects\dynamicstructsdb\dynamicstructsdb\main.cpp(188) : definition of 'i' used
     1>c:\users\aditya\documents\visual studio 2013\projects\dynamicstructsdb\dynamicstructsdb\main.cpp(325): warning C4258: 'i' : definition from the for loop is ignored; the definition from the enclosing scope is used
                 c:\users\aditya\documents\visual studio 2013\projects\dynamicstructsdb\dynamicstructsdb\main.cpp(184) : definition of 'i' ignored
                 c:\users\aditya\documents\visual studio 2013\projects\dynamicstructsdb\dynamicstructsdb\main.cpp(188) : definition of 'i' used
     1>c:\users\aditya\documents\visual studio 2013\projects\dynamicstructsdb\dynamicstructsdb\main.cpp(338): warning C4258: 'i' : definition from the for loop is ignored; the definition from the enclosing scope is used
                 c:\users\aditya\documents\visual studio 2013\projects\dynamicstructsdb\dynamicstructsdb\main.cpp(184) : definition of 'i' ignored
                 c:\users\aditya\documents\visual studio 2013\projects\dynamicstructsdb\dynamicstructsdb\main.cpp(188) : definition of 'i' used
     1>c:\users\aditya\documents\visual studio 2013\projects\dynamicstructsdb\dynamicstructsdb\main.cpp(351): warning C4258: 'i' : definition from the for loop is ignored; the definition from the enclosing scope is used
                 c:\users\aditya\documents\visual studio 2013\projects\dynamicstructsdb\dynamicstructsdb\main.cpp(184) : definition of 'i' ignored
                 c:\users\aditya\documents\visual studio 2013\projects\dynamicstructsdb\dynamicstructsdb\main.cpp(188) : definition of 'i' used
     1>c:\users\aditya\documents\visual studio 2013\projects\dynamicstructsdb\dynamicstructsdb\main.cpp(380): warning C4018: '<' : signed/unsigned mismatch
     1>c:\users\aditya\documents\visual studio 2013\projects\dynamicstructsdb\dynamicstructsdb\main.cpp(420): warning C4018: '<' : signed/unsigned mismatch
     1>c:\users\aditya\documents\visual studio 2013\projects\dynamicstructsdb\dynamicstructsdb\main.cpp(435): warning C4018: '<' : signed/unsigned mismatch
     1>c:\users\aditya\documents\visual studio 2013\projects\dynamicstructsdb\dynamicstructsdb\main.cpp(444): warning C4018: '<' : signed/unsigned mismatch
     1>c:\users\aditya\documents\visual studio 2013\projects\dynamicstructsdb\dynamicstructsdb\main.cpp(448): warning C4018: '<' : signed/unsigned mismatch
     1>c:\users\aditya\documents\visual studio 2013\projects\dynamicstructsdb\dynamicstructsdb\main.cpp(470): warning C4018: '<' : signed/unsigned mismatch
     1>c:\users\aditya\documents\visual studio 2013\projects\dynamicstructsdb\dynamicstructsdb\main.cpp(477): warning C4018: '<' : signed/unsigned mismatch
     1>c:\users\aditya\documents\visual studio 2013\projects\dynamicstructsdb\dynamicstructsdb\main.cpp(371): warning C4101: 's3' : unreferenced local variable
     1>c:\users\aditya\documents\visual studio 2013\projects\dynamicstructsdb\dynamicstructsdb\main.cpp(371): warning C4101: 's2' : unreferenced local variable
     1>c:\users\aditya\documents\visual studio 2013\projects\dynamicstructsdb\dynamicstructsdb\main.cpp(371): warning C4101: 's1' : unreferenced local variable
         three_schemas.cpp
         Generating Code...
       Link:
         C:\Program Files (x86)\Microsoft Visual Studio 12.0\VC\bin\link.exe /ERRORREPORT:PROMPT /OUT:"C:\Users\Aditya\Documents\Visual Studio 2013\Projects\DynamicStructsDB\Debug\DynamicStructsDB.exe" /INCREMENTAL /NOLOGO kernel32.lib user32.lib gdi32.lib winspool.lib comdlg32.lib advapi32.lib shell32.lib ole32.lib oleaut32.lib uuid.lib odbc32.lib odbccp32.lib /MANIFEST /MANIFESTUAC:"level='asInvoker' uiAccess='false'" /manifest:embed /DEBUG /PDB:"C:\Users\Aditya\Documents\Visual Studio 2013\Projects\DynamicStructsDB\Debug\DynamicStructsDB.pdb" /TLBID:1 /DYNAMICBASE /NXCOMPAT /IMPLIB:"C:\Users\Aditya\Documents\Visual Studio 2013\Projects\DynamicStructsDB\Debug\DynamicStructsDB.lib" /MACHINE:X86 Debug\three_schemas.obj
         Debug\main.obj
         DynamicStructsDB.vcxproj -> C:\Users\Aditya\Documents\Visual Studio 2013\Projects\DynamicStructsDB\Debug\DynamicStructsDB.exe
     1>Done Building Project "C:\Users\Aditya\Documents\Visual Studio 2013\Projects\DynamicStructsDB\DynamicStructsDB\DynamicStructsDB.vcxproj" (Build target(s)).

Build succeeded.

Time Elapsed 00:00:04.63
